<?xml version="1.0" encoding="UTF-8"?>
<!-- Generated by org.testng.reporters.JUnitReportReporter -->
<testsuite hostname="CDC2-L-8291S4C" name="day1.NewTest" tests="1" failures="0" timestamp="27 Mar 2019 06:20:25 GMT" time="10.974" errors="0">
  <testcase name="f" time="10.974" classname="day1.NewTest"/>
</testsuite> <!-- day1.NewTest -->
